::1 - - [24/Aug/2017:09:49:50 +0000] "GET / HTTP/1.1" 302 56 "-" "Mozilla/5.0 (iPhone; CPU iPhone OS 9_1 like Mac OS X) AppleWebKit/601.1.46 (KHTML, like Gecko) Version/9.0 Mobile/13B143 Safari/601.1"
::1 - - [24/Aug/2017:09:49:50 +0000] "GET /posts HTTP/1.1" 404 3055 "-" "Mozilla/5.0 (iPhone; CPU iPhone OS 9_1 like Mac OS X) AppleWebKit/601.1.46 (KHTML, like Gecko) Version/9.0 Mobile/13B143 Safari/601.1"
::1 - - [24/Aug/2017:10:09:29 +0000] "GET /posts HTTP/1.1" 200 1748 "-" "Mozilla/5.0 (iPhone; CPU iPhone OS 9_1 like Mac OS X) AppleWebKit/601.1.46 (KHTML, like Gecko) Version/9.0 Mobile/13B143 Safari/601.1"
::1 - - [24/Aug/2017:10:10:09 +0000] "GET /posts HTTP/1.1" 200 1901 "-" "Mozilla/5.0 (iPhone; CPU iPhone OS 9_1 like Mac OS X) AppleWebKit/601.1.46 (KHTML, like Gecko) Version/9.0 Mobile/13B143 Safari/601.1"
::1 - - [24/Aug/2017:10:10:17 +0000] "GET /posts HTTP/1.1" 200 1901 "http://localhost:2222/posts" "Mozilla/5.0 (Macintosh; Intel Mac OS X 10_12_6) AppleWebKit/537.36 (KHTML, like Gecko) Chrome/60.0.3112.101 Safari/537.36"
::1 - - [24/Aug/2017:10:10:51 +0000] "GET /signin HTTP/1.1" 500 90 "http://localhost:2222/posts" "Mozilla/5.0 (Macintosh; Intel Mac OS X 10_12_6) AppleWebKit/537.36 (KHTML, like Gecko) Chrome/60.0.3112.101 Safari/537.36"
::1 - - [24/Aug/2017:10:10:51 +0000] "GET /mongoose-pm/user/login HTTP/1.1" 404 3051 "http://localhost:2222/posts" "Mozilla/5.0 (Macintosh; Intel Mac OS X 10_12_6) AppleWebKit/537.36 (KHTML, like Gecko) Chrome/60.0.3112.101 Safari/537.36"
::1 - - [24/Aug/2017:10:11:23 +0000] "GET /posts HTTP/1.1" 200 1901 "http://localhost:2222/posts" "Mozilla/5.0 (Macintosh; Intel Mac OS X 10_12_6) AppleWebKit/537.36 (KHTML, like Gecko) Chrome/60.0.3112.101 Safari/537.36"
::1 - - [24/Aug/2017:10:11:50 +0000] "GET /posts HTTP/1.1" 200 1901 "http://localhost:2222/posts" "Mozilla/5.0 (Macintosh; Intel Mac OS X 10_12_6) AppleWebKit/537.36 (KHTML, like Gecko) Chrome/60.0.3112.101 Safari/537.36"
::1 - - [24/Aug/2017:10:11:53 +0000] "GET /signin HTTP/1.1" 500 90 "http://localhost:2222/posts" "Mozilla/5.0 (Macintosh; Intel Mac OS X 10_12_6) AppleWebKit/537.36 (KHTML, like Gecko) Chrome/60.0.3112.101 Safari/537.36"
::1 - - [24/Aug/2017:10:11:53 +0000] "GET /mongoose-pm/user/login HTTP/1.1" 404 3051 "http://localhost:2222/posts" "Mozilla/5.0 (Macintosh; Intel Mac OS X 10_12_6) AppleWebKit/537.36 (KHTML, like Gecko) Chrome/60.0.3112.101 Safari/537.36"
::1 - - [24/Aug/2017:10:11:55 +0000] "GET /posts HTTP/1.1" 200 1901 "http://localhost:2222/posts" "Mozilla/5.0 (Macintosh; Intel Mac OS X 10_12_6) AppleWebKit/537.36 (KHTML, like Gecko) Chrome/60.0.3112.101 Safari/537.36"
::1 - - [24/Aug/2017:10:11:57 +0000] "GET /posts HTTP/1.1" 200 1901 "http://localhost:2222/posts" "Mozilla/5.0 (Macintosh; Intel Mac OS X 10_12_6) AppleWebKit/537.36 (KHTML, like Gecko) Chrome/60.0.3112.101 Safari/537.36"
::1 - - [24/Aug/2017:10:12:06 +0000] "GET /signin HTTP/1.1" 500 90 "http://localhost:2222/posts" "Mozilla/5.0 (Macintosh; Intel Mac OS X 10_12_6) AppleWebKit/537.36 (KHTML, like Gecko) Chrome/60.0.3112.101 Safari/537.36"
::1 - - [24/Aug/2017:10:12:06 +0000] "GET /mongoose-pm/user/login HTTP/1.1" 404 3051 "http://localhost:2222/posts" "Mozilla/5.0 (Macintosh; Intel Mac OS X 10_12_6) AppleWebKit/537.36 (KHTML, like Gecko) Chrome/60.0.3112.101 Safari/537.36"
::1 - - [24/Aug/2017:10:12:08 +0000] "GET /posts HTTP/1.1" 200 1901 "http://localhost:2222/posts" "Mozilla/5.0 (Macintosh; Intel Mac OS X 10_12_6) AppleWebKit/537.36 (KHTML, like Gecko) Chrome/60.0.3112.101 Safari/537.36"
::1 - - [24/Aug/2017:10:12:40 +0000] "GET /posts HTTP/1.1" 200 1901 "http://localhost:2222/posts" "Mozilla/5.0 (Macintosh; Intel Mac OS X 10_12_6) AppleWebKit/537.36 (KHTML, like Gecko) Chrome/60.0.3112.101 Safari/537.36"
::1 - - [24/Aug/2017:10:16:48 +0000] "GET /signin HTTP/1.1" 500 90 "http://localhost:2222/posts" "Mozilla/5.0 (Macintosh; Intel Mac OS X 10_12_6) AppleWebKit/537.36 (KHTML, like Gecko) Chrome/60.0.3112.101 Safari/537.36"
::1 - - [24/Aug/2017:10:16:48 +0000] "GET /mongoose-pm/user/login HTTP/1.1" 404 3051 "http://localhost:2222/posts" "Mozilla/5.0 (Macintosh; Intel Mac OS X 10_12_6) AppleWebKit/537.36 (KHTML, like Gecko) Chrome/60.0.3112.101 Safari/537.36"
::1 - - [24/Aug/2017:10:16:50 +0000] "GET /posts HTTP/1.1" 200 1901 "http://localhost:2222/posts" "Mozilla/5.0 (Macintosh; Intel Mac OS X 10_12_6) AppleWebKit/537.36 (KHTML, like Gecko) Chrome/60.0.3112.101 Safari/537.36"
::1 - - [24/Aug/2017:10:17:11 +0000] "GET /posts HTTP/1.1" 200 1901 "http://localhost:2222/posts" "Mozilla/5.0 (Macintosh; Intel Mac OS X 10_12_6) AppleWebKit/537.36 (KHTML, like Gecko) Chrome/60.0.3112.101 Safari/537.36"
::1 - - [24/Aug/2017:10:17:17 +0000] "GET /signin HTTP/1.1" 500 58 "http://localhost:2222/posts" "Mozilla/5.0 (Macintosh; Intel Mac OS X 10_12_6) AppleWebKit/537.36 (KHTML, like Gecko) Chrome/60.0.3112.101 Safari/537.36"
::1 - - [24/Aug/2017:10:17:17 +0000] "GET /signin HTTP/1.1" 500 58 "http://localhost:2222/posts" "Mozilla/5.0 (Macintosh; Intel Mac OS X 10_12_6) AppleWebKit/537.36 (KHTML, like Gecko) Chrome/60.0.3112.101 Safari/537.36"
::1 - - [24/Aug/2017:10:17:17 +0000] "GET /signin HTTP/1.1" 500 58 "http://localhost:2222/posts" "Mozilla/5.0 (Macintosh; Intel Mac OS X 10_12_6) AppleWebKit/537.36 (KHTML, like Gecko) Chrome/60.0.3112.101 Safari/537.36"
::1 - - [24/Aug/2017:10:17:17 +0000] "GET /signin HTTP/1.1" 500 58 "http://localhost:2222/posts" "Mozilla/5.0 (Macintosh; Intel Mac OS X 10_12_6) AppleWebKit/537.36 (KHTML, like Gecko) Chrome/60.0.3112.101 Safari/537.36"
::1 - - [24/Aug/2017:10:17:17 +0000] "GET /signin HTTP/1.1" 500 58 "http://localhost:2222/posts" "Mozilla/5.0 (Macintosh; Intel Mac OS X 10_12_6) AppleWebKit/537.36 (KHTML, like Gecko) Chrome/60.0.3112.101 Safari/537.36"
::1 - - [24/Aug/2017:10:17:17 +0000] "GET /signin HTTP/1.1" 500 58 "http://localhost:2222/posts" "Mozilla/5.0 (Macintosh; Intel Mac OS X 10_12_6) AppleWebKit/537.36 (KHTML, like Gecko) Chrome/60.0.3112.101 Safari/537.36"
::1 - - [24/Aug/2017:10:17:17 +0000] "GET /signin HTTP/1.1" 500 58 "http://localhost:2222/posts" "Mozilla/5.0 (Macintosh; Intel Mac OS X 10_12_6) AppleWebKit/537.36 (KHTML, like Gecko) Chrome/60.0.3112.101 Safari/537.36"
::1 - - [24/Aug/2017:10:17:17 +0000] "GET /signin HTTP/1.1" 500 58 "http://localhost:2222/posts" "Mozilla/5.0 (Macintosh; Intel Mac OS X 10_12_6) AppleWebKit/537.36 (KHTML, like Gecko) Chrome/60.0.3112.101 Safari/537.36"
::1 - - [24/Aug/2017:10:17:17 +0000] "GET /signin HTTP/1.1" 500 58 "http://localhost:2222/posts" "Mozilla/5.0 (Macintosh; Intel Mac OS X 10_12_6) AppleWebKit/537.36 (KHTML, like Gecko) Chrome/60.0.3112.101 Safari/537.36"
::1 - - [24/Aug/2017:10:17:17 +0000] "GET /signin HTTP/1.1" 500 58 "http://localhost:2222/posts" "Mozilla/5.0 (Macintosh; Intel Mac OS X 10_12_6) AppleWebKit/537.36 (KHTML, like Gecko) Chrome/60.0.3112.101 Safari/537.36"
::1 - - [24/Aug/2017:10:17:17 +0000] "GET /signin HTTP/1.1" 500 58 "http://localhost:2222/posts" "Mozilla/5.0 (Macintosh; Intel Mac OS X 10_12_6) AppleWebKit/537.36 (KHTML, like Gecko) Chrome/60.0.3112.101 Safari/537.36"
::1 - - [24/Aug/2017:10:17:17 +0000] "GET /signin HTTP/1.1" 500 58 "http://localhost:2222/posts" "Mozilla/5.0 (Macintosh; Intel Mac OS X 10_12_6) AppleWebKit/537.36 (KHTML, like Gecko) Chrome/60.0.3112.101 Safari/537.36"
::1 - - [24/Aug/2017:10:17:17 +0000] "GET /signin HTTP/1.1" 500 58 "http://localhost:2222/posts" "Mozilla/5.0 (Macintosh; Intel Mac OS X 10_12_6) AppleWebKit/537.36 (KHTML, like Gecko) Chrome/60.0.3112.101 Safari/537.36"
::1 - - [24/Aug/2017:10:17:17 +0000] "GET /signin HTTP/1.1" 500 58 "http://localhost:2222/posts" "Mozilla/5.0 (Macintosh; Intel Mac OS X 10_12_6) AppleWebKit/537.36 (KHTML, like Gecko) Chrome/60.0.3112.101 Safari/537.36"
::1 - - [24/Aug/2017:10:17:17 +0000] "GET /signin HTTP/1.1" 500 58 "http://localhost:2222/posts" "Mozilla/5.0 (Macintosh; Intel Mac OS X 10_12_6) AppleWebKit/537.36 (KHTML, like Gecko) Chrome/60.0.3112.101 Safari/537.36"
::1 - - [24/Aug/2017:10:17:17 +0000] "GET /signin HTTP/1.1" 500 58 "http://localhost:2222/posts" "Mozilla/5.0 (Macintosh; Intel Mac OS X 10_12_6) AppleWebKit/537.36 (KHTML, like Gecko) Chrome/60.0.3112.101 Safari/537.36"
::1 - - [24/Aug/2017:10:17:17 +0000] "GET /signin HTTP/1.1" 500 58 "http://localhost:2222/posts" "Mozilla/5.0 (Macintosh; Intel Mac OS X 10_12_6) AppleWebKit/537.36 (KHTML, like Gecko) Chrome/60.0.3112.101 Safari/537.36"
::1 - - [24/Aug/2017:10:17:17 +0000] "GET /signin HTTP/1.1" 500 58 "http://localhost:2222/posts" "Mozilla/5.0 (Macintosh; Intel Mac OS X 10_12_6) AppleWebKit/537.36 (KHTML, like Gecko) Chrome/60.0.3112.101 Safari/537.36"
::1 - - [24/Aug/2017:10:17:17 +0000] "GET /signin HTTP/1.1" 500 58 "http://localhost:2222/posts" "Mozilla/5.0 (Macintosh; Intel Mac OS X 10_12_6) AppleWebKit/537.36 (KHTML, like Gecko) Chrome/60.0.3112.101 Safari/537.36"
::1 - - [24/Aug/2017:10:17:17 +0000] "GET /signin HTTP/1.1" 500 58 "http://localhost:2222/posts" "Mozilla/5.0 (Macintosh; Intel Mac OS X 10_12_6) AppleWebKit/537.36 (KHTML, like Gecko) Chrome/60.0.3112.101 Safari/537.36"
::1 - - [24/Aug/2017:10:17:17 +0000] "GET /signin HTTP/1.1" 500 58 "http://localhost:2222/posts" "Mozilla/5.0 (Macintosh; Intel Mac OS X 10_12_6) AppleWebKit/537.36 (KHTML, like Gecko) Chrome/60.0.3112.101 Safari/537.36"
::1 - - [24/Aug/2017:10:17:17 +0000] "GET /signin HTTP/1.1" 500 58 "-" "Mozilla/5.0 (Macintosh; Intel Mac OS X 10_12_6) AppleWebKit/537.36 (KHTML, like Gecko) Chrome/60.0.3112.101 Safari/537.36"
::1 - - [24/Aug/2017:10:17:18 +0000] "GET /signin HTTP/1.1" 500 58 "-" "Mozilla/5.0 (Macintosh; Intel Mac OS X 10_12_6) AppleWebKit/537.36 (KHTML, like Gecko) Chrome/60.0.3112.101 Safari/537.36"
::1 - - [24/Aug/2017:10:17:18 +0000] "GET /signin HTTP/1.1" 500 58 "-" "Mozilla/5.0 (Macintosh; Intel Mac OS X 10_12_6) AppleWebKit/537.36 (KHTML, like Gecko) Chrome/60.0.3112.101 Safari/537.36"
::1 - - [24/Aug/2017:10:17:18 +0000] "GET /signin HTTP/1.1" 500 58 "-" "Mozilla/5.0 (Macintosh; Intel Mac OS X 10_12_6) AppleWebKit/537.36 (KHTML, like Gecko) Chrome/60.0.3112.101 Safari/537.36"
::1 - - [24/Aug/2017:10:17:18 +0000] "GET /signin HTTP/1.1" 500 58 "-" "Mozilla/5.0 (Macintosh; Intel Mac OS X 10_12_6) AppleWebKit/537.36 (KHTML, like Gecko) Chrome/60.0.3112.101 Safari/537.36"
::1 - - [24/Aug/2017:10:17:18 +0000] "GET /signin HTTP/1.1" 500 58 "-" "Mozilla/5.0 (Macintosh; Intel Mac OS X 10_12_6) AppleWebKit/537.36 (KHTML, like Gecko) Chrome/60.0.3112.101 Safari/537.36"
::1 - - [24/Aug/2017:10:17:18 +0000] "GET /signin HTTP/1.1" 500 58 "-" "Mozilla/5.0 (Macintosh; Intel Mac OS X 10_12_6) AppleWebKit/537.36 (KHTML, like Gecko) Chrome/60.0.3112.101 Safari/537.36"
::1 - - [24/Aug/2017:10:17:18 +0000] "GET /signin HTTP/1.1" 500 58 "-" "Mozilla/5.0 (Macintosh; Intel Mac OS X 10_12_6) AppleWebKit/537.36 (KHTML, like Gecko) Chrome/60.0.3112.101 Safari/537.36"
::1 - - [24/Aug/2017:10:17:18 +0000] "GET /signin HTTP/1.1" 500 58 "-" "Mozilla/5.0 (Macintosh; Intel Mac OS X 10_12_6) AppleWebKit/537.36 (KHTML, like Gecko) Chrome/60.0.3112.101 Safari/537.36"
::1 - - [24/Aug/2017:10:17:18 +0000] "GET /signin HTTP/1.1" 500 58 "-" "Mozilla/5.0 (Macintosh; Intel Mac OS X 10_12_6) AppleWebKit/537.36 (KHTML, like Gecko) Chrome/60.0.3112.101 Safari/537.36"
::1 - - [24/Aug/2017:10:17:18 +0000] "GET /signin HTTP/1.1" 500 58 "-" "Mozilla/5.0 (Macintosh; Intel Mac OS X 10_12_6) AppleWebKit/537.36 (KHTML, like Gecko) Chrome/60.0.3112.101 Safari/537.36"
::1 - - [24/Aug/2017:10:17:18 +0000] "GET /signin HTTP/1.1" 500 58 "-" "Mozilla/5.0 (Macintosh; Intel Mac OS X 10_12_6) AppleWebKit/537.36 (KHTML, like Gecko) Chrome/60.0.3112.101 Safari/537.36"
::1 - - [24/Aug/2017:10:17:18 +0000] "GET /signin HTTP/1.1" 500 58 "-" "Mozilla/5.0 (Macintosh; Intel Mac OS X 10_12_6) AppleWebKit/537.36 (KHTML, like Gecko) Chrome/60.0.3112.101 Safari/537.36"
::1 - - [24/Aug/2017:10:17:18 +0000] "GET /signin HTTP/1.1" 500 58 "-" "Mozilla/5.0 (Macintosh; Intel Mac OS X 10_12_6) AppleWebKit/537.36 (KHTML, like Gecko) Chrome/60.0.3112.101 Safari/537.36"
::1 - - [24/Aug/2017:10:17:18 +0000] "GET /signin HTTP/1.1" 500 58 "-" "Mozilla/5.0 (Macintosh; Intel Mac OS X 10_12_6) AppleWebKit/537.36 (KHTML, like Gecko) Chrome/60.0.3112.101 Safari/537.36"
::1 - - [24/Aug/2017:10:17:18 +0000] "GET /signin HTTP/1.1" 500 58 "-" "Mozilla/5.0 (Macintosh; Intel Mac OS X 10_12_6) AppleWebKit/537.36 (KHTML, like Gecko) Chrome/60.0.3112.101 Safari/537.36"
::1 - - [24/Aug/2017:10:17:18 +0000] "GET /signin HTTP/1.1" 500 58 "-" "Mozilla/5.0 (Macintosh; Intel Mac OS X 10_12_6) AppleWebKit/537.36 (KHTML, like Gecko) Chrome/60.0.3112.101 Safari/537.36"
::1 - - [24/Aug/2017:10:17:18 +0000] "GET /signin HTTP/1.1" 500 58 "-" "Mozilla/5.0 (Macintosh; Intel Mac OS X 10_12_6) AppleWebKit/537.36 (KHTML, like Gecko) Chrome/60.0.3112.101 Safari/537.36"
::1 - - [24/Aug/2017:10:17:18 +0000] "GET /signin HTTP/1.1" 500 58 "-" "Mozilla/5.0 (Macintosh; Intel Mac OS X 10_12_6) AppleWebKit/537.36 (KHTML, like Gecko) Chrome/60.0.3112.101 Safari/537.36"
::1 - - [24/Aug/2017:10:17:18 +0000] "GET /signin HTTP/1.1" 500 58 "-" "Mozilla/5.0 (Macintosh; Intel Mac OS X 10_12_6) AppleWebKit/537.36 (KHTML, like Gecko) Chrome/60.0.3112.101 Safari/537.36"
::1 - - [24/Aug/2017:10:17:18 +0000] "GET /signin HTTP/1.1" 500 58 "-" "Mozilla/5.0 (Macintosh; Intel Mac OS X 10_12_6) AppleWebKit/537.36 (KHTML, like Gecko) Chrome/60.0.3112.101 Safari/537.36"
::1 - - [24/Aug/2017:10:17:19 +0000] "GET /signin HTTP/1.1" 500 58 "-" "Mozilla/5.0 (Macintosh; Intel Mac OS X 10_12_6) AppleWebKit/537.36 (KHTML, like Gecko) Chrome/60.0.3112.101 Safari/537.36"
::1 - - [24/Aug/2017:10:17:19 +0000] "GET /signin HTTP/1.1" 500 58 "-" "Mozilla/5.0 (Macintosh; Intel Mac OS X 10_12_6) AppleWebKit/537.36 (KHTML, like Gecko) Chrome/60.0.3112.101 Safari/537.36"
::1 - - [24/Aug/2017:10:17:19 +0000] "GET /signin HTTP/1.1" 500 58 "-" "Mozilla/5.0 (Macintosh; Intel Mac OS X 10_12_6) AppleWebKit/537.36 (KHTML, like Gecko) Chrome/60.0.3112.101 Safari/537.36"
::1 - - [24/Aug/2017:10:17:19 +0000] "GET /signin HTTP/1.1" 500 58 "-" "Mozilla/5.0 (Macintosh; Intel Mac OS X 10_12_6) AppleWebKit/537.36 (KHTML, like Gecko) Chrome/60.0.3112.101 Safari/537.36"
::1 - - [24/Aug/2017:10:17:19 +0000] "GET /signin HTTP/1.1" 500 58 "-" "Mozilla/5.0 (Macintosh; Intel Mac OS X 10_12_6) AppleWebKit/537.36 (KHTML, like Gecko) Chrome/60.0.3112.101 Safari/537.36"
::1 - - [24/Aug/2017:10:17:19 +0000] "GET /signin HTTP/1.1" 500 58 "-" "Mozilla/5.0 (Macintosh; Intel Mac OS X 10_12_6) AppleWebKit/537.36 (KHTML, like Gecko) Chrome/60.0.3112.101 Safari/537.36"
::1 - - [24/Aug/2017:10:17:20 +0000] "GET /signin HTTP/1.1" 500 58 "-" "Mozilla/5.0 (Macintosh; Intel Mac OS X 10_12_6) AppleWebKit/537.36 (KHTML, like Gecko) Chrome/60.0.3112.101 Safari/537.36"
::1 - - [24/Aug/2017:10:17:20 +0000] "GET /signin HTTP/1.1" 500 58 "-" "Mozilla/5.0 (Macintosh; Intel Mac OS X 10_12_6) AppleWebKit/537.36 (KHTML, like Gecko) Chrome/60.0.3112.101 Safari/537.36"
::1 - - [24/Aug/2017:10:17:20 +0000] "GET /signin HTTP/1.1" 500 58 "-" "Mozilla/5.0 (Macintosh; Intel Mac OS X 10_12_6) AppleWebKit/537.36 (KHTML, like Gecko) Chrome/60.0.3112.101 Safari/537.36"
::1 - - [24/Aug/2017:10:17:20 +0000] "GET /signin HTTP/1.1" 500 58 "-" "Mozilla/5.0 (Macintosh; Intel Mac OS X 10_12_6) AppleWebKit/537.36 (KHTML, like Gecko) Chrome/60.0.3112.101 Safari/537.36"
::1 - - [24/Aug/2017:10:17:20 +0000] "GET /signin HTTP/1.1" 500 58 "-" "Mozilla/5.0 (Macintosh; Intel Mac OS X 10_12_6) AppleWebKit/537.36 (KHTML, like Gecko) Chrome/60.0.3112.101 Safari/537.36"
::1 - - [24/Aug/2017:10:17:20 +0000] "GET /signin HTTP/1.1" 500 58 "-" "Mozilla/5.0 (Macintosh; Intel Mac OS X 10_12_6) AppleWebKit/537.36 (KHTML, like Gecko) Chrome/60.0.3112.101 Safari/537.36"
::1 - - [24/Aug/2017:10:17:20 +0000] "GET /signin HTTP/1.1" 500 58 "-" "Mozilla/5.0 (Macintosh; Intel Mac OS X 10_12_6) AppleWebKit/537.36 (KHTML, like Gecko) Chrome/60.0.3112.101 Safari/537.36"
::1 - - [24/Aug/2017:10:17:20 +0000] "GET /signin HTTP/1.1" 500 58 "-" "Mozilla/5.0 (Macintosh; Intel Mac OS X 10_12_6) AppleWebKit/537.36 (KHTML, like Gecko) Chrome/60.0.3112.101 Safari/537.36"
::1 - - [24/Aug/2017:10:17:20 +0000] "GET /signin HTTP/1.1" 500 58 "-" "Mozilla/5.0 (Macintosh; Intel Mac OS X 10_12_6) AppleWebKit/537.36 (KHTML, like Gecko) Chrome/60.0.3112.101 Safari/537.36"
::1 - - [24/Aug/2017:10:17:20 +0000] "GET /signin HTTP/1.1" 500 58 "-" "Mozilla/5.0 (Macintosh; Intel Mac OS X 10_12_6) AppleWebKit/537.36 (KHTML, like Gecko) Chrome/60.0.3112.101 Safari/537.36"
::1 - - [24/Aug/2017:10:17:20 +0000] "GET /signin HTTP/1.1" 500 58 "-" "Mozilla/5.0 (Macintosh; Intel Mac OS X 10_12_6) AppleWebKit/537.36 (KHTML, like Gecko) Chrome/60.0.3112.101 Safari/537.36"
::1 - - [24/Aug/2017:10:17:20 +0000] "GET /signin HTTP/1.1" 500 58 "-" "Mozilla/5.0 (Macintosh; Intel Mac OS X 10_12_6) AppleWebKit/537.36 (KHTML, like Gecko) Chrome/60.0.3112.101 Safari/537.36"
::1 - - [24/Aug/2017:10:17:20 +0000] "GET /signin HTTP/1.1" 500 58 "-" "Mozilla/5.0 (Macintosh; Intel Mac OS X 10_12_6) AppleWebKit/537.36 (KHTML, like Gecko) Chrome/60.0.3112.101 Safari/537.36"
::1 - - [24/Aug/2017:10:17:20 +0000] "GET /signin HTTP/1.1" 500 58 "-" "Mozilla/5.0 (Macintosh; Intel Mac OS X 10_12_6) AppleWebKit/537.36 (KHTML, like Gecko) Chrome/60.0.3112.101 Safari/537.36"
::1 - - [24/Aug/2017:10:17:20 +0000] "GET /signin HTTP/1.1" 500 58 "-" "Mozilla/5.0 (Macintosh; Intel Mac OS X 10_12_6) AppleWebKit/537.36 (KHTML, like Gecko) Chrome/60.0.3112.101 Safari/537.36"
::1 - - [24/Aug/2017:10:17:25 +0000] "GET /signin HTTP/1.1" 500 58 "-" "Mozilla/5.0 (Macintosh; Intel Mac OS X 10_12_6) AppleWebKit/537.36 (KHTML, like Gecko) Chrome/60.0.3112.101 Safari/537.36"
::1 - - [24/Aug/2017:10:17:25 +0000] "GET /signin HTTP/1.1" 500 58 "-" "Mozilla/5.0 (Macintosh; Intel Mac OS X 10_12_6) AppleWebKit/537.36 (KHTML, like Gecko) Chrome/60.0.3112.101 Safari/537.36"
::1 - - [24/Aug/2017:10:17:25 +0000] "GET /signin HTTP/1.1" 500 58 "-" "Mozilla/5.0 (Macintosh; Intel Mac OS X 10_12_6) AppleWebKit/537.36 (KHTML, like Gecko) Chrome/60.0.3112.101 Safari/537.36"
::1 - - [24/Aug/2017:10:17:25 +0000] "GET /signin HTTP/1.1" 500 58 "-" "Mozilla/5.0 (Macintosh; Intel Mac OS X 10_12_6) AppleWebKit/537.36 (KHTML, like Gecko) Chrome/60.0.3112.101 Safari/537.36"
::1 - - [24/Aug/2017:10:17:25 +0000] "GET /signin HTTP/1.1" 500 58 "-" "Mozilla/5.0 (Macintosh; Intel Mac OS X 10_12_6) AppleWebKit/537.36 (KHTML, like Gecko) Chrome/60.0.3112.101 Safari/537.36"
::1 - - [24/Aug/2017:10:17:25 +0000] "GET /signin HTTP/1.1" 500 58 "-" "Mozilla/5.0 (Macintosh; Intel Mac OS X 10_12_6) AppleWebKit/537.36 (KHTML, like Gecko) Chrome/60.0.3112.101 Safari/537.36"
::1 - - [24/Aug/2017:10:17:25 +0000] "GET /signin HTTP/1.1" 500 58 "-" "Mozilla/5.0 (Macintosh; Intel Mac OS X 10_12_6) AppleWebKit/537.36 (KHTML, like Gecko) Chrome/60.0.3112.101 Safari/537.36"
::1 - - [24/Aug/2017:10:17:25 +0000] "GET /signin HTTP/1.1" 500 58 "-" "Mozilla/5.0 (Macintosh; Intel Mac OS X 10_12_6) AppleWebKit/537.36 (KHTML, like Gecko) Chrome/60.0.3112.101 Safari/537.36"
::1 - - [24/Aug/2017:10:17:25 +0000] "GET /signin HTTP/1.1" 500 58 "-" "Mozilla/5.0 (Macintosh; Intel Mac OS X 10_12_6) AppleWebKit/537.36 (KHTML, like Gecko) Chrome/60.0.3112.101 Safari/537.36"
::1 - - [24/Aug/2017:10:17:25 +0000] "GET /signin HTTP/1.1" 500 58 "-" "Mozilla/5.0 (Macintosh; Intel Mac OS X 10_12_6) AppleWebKit/537.36 (KHTML, like Gecko) Chrome/60.0.3112.101 Safari/537.36"
::1 - - [24/Aug/2017:10:17:25 +0000] "GET /signin HTTP/1.1" 500 58 "-" "Mozilla/5.0 (Macintosh; Intel Mac OS X 10_12_6) AppleWebKit/537.36 (KHTML, like Gecko) Chrome/60.0.3112.101 Safari/537.36"
::1 - - [24/Aug/2017:10:17:25 +0000] "GET /signin HTTP/1.1" 500 58 "-" "Mozilla/5.0 (Macintosh; Intel Mac OS X 10_12_6) AppleWebKit/537.36 (KHTML, like Gecko) Chrome/60.0.3112.101 Safari/537.36"
::1 - - [24/Aug/2017:10:17:25 +0000] "GET /signin HTTP/1.1" 500 58 "-" "Mozilla/5.0 (Macintosh; Intel Mac OS X 10_12_6) AppleWebKit/537.36 (KHTML, like Gecko) Chrome/60.0.3112.101 Safari/537.36"
::1 - - [24/Aug/2017:10:17:25 +0000] "GET /signin HTTP/1.1" 500 58 "-" "Mozilla/5.0 (Macintosh; Intel Mac OS X 10_12_6) AppleWebKit/537.36 (KHTML, like Gecko) Chrome/60.0.3112.101 Safari/537.36"
::1 - - [24/Aug/2017:10:17:25 +0000] "GET /signin HTTP/1.1" 500 58 "-" "Mozilla/5.0 (Macintosh; Intel Mac OS X 10_12_6) AppleWebKit/537.36 (KHTML, like Gecko) Chrome/60.0.3112.101 Safari/537.36"
::1 - - [24/Aug/2017:10:17:25 +0000] "GET /signin HTTP/1.1" 500 58 "-" "Mozilla/5.0 (Macintosh; Intel Mac OS X 10_12_6) AppleWebKit/537.36 (KHTML, like Gecko) Chrome/60.0.3112.101 Safari/537.36"
::1 - - [24/Aug/2017:10:17:25 +0000] "GET /signin HTTP/1.1" 500 58 "-" "Mozilla/5.0 (Macintosh; Intel Mac OS X 10_12_6) AppleWebKit/537.36 (KHTML, like Gecko) Chrome/60.0.3112.101 Safari/537.36"
::1 - - [24/Aug/2017:10:17:25 +0000] "GET /signin HTTP/1.1" 500 58 "-" "Mozilla/5.0 (Macintosh; Intel Mac OS X 10_12_6) AppleWebKit/537.36 (KHTML, like Gecko) Chrome/60.0.3112.101 Safari/537.36"
::1 - - [24/Aug/2017:10:17:25 +0000] "GET /signin HTTP/1.1" 500 58 "-" "Mozilla/5.0 (Macintosh; Intel Mac OS X 10_12_6) AppleWebKit/537.36 (KHTML, like Gecko) Chrome/60.0.3112.101 Safari/537.36"
::1 - - [24/Aug/2017:10:17:25 +0000] "GET /signin HTTP/1.1" 500 58 "-" "Mozilla/5.0 (Macintosh; Intel Mac OS X 10_12_6) AppleWebKit/537.36 (KHTML, like Gecko) Chrome/60.0.3112.101 Safari/537.36"
::1 - - [24/Aug/2017:10:17:25 +0000] "GET /signin HTTP/1.1" 500 58 "-" "Mozilla/5.0 (Macintosh; Intel Mac OS X 10_12_6) AppleWebKit/537.36 (KHTML, like Gecko) Chrome/60.0.3112.101 Safari/537.36"
::1 - - [24/Aug/2017:10:22:24 +0000] "GET /signin HTTP/1.1" 500 58 "-" "Mozilla/5.0 (Macintosh; Intel Mac OS X 10_12_6) AppleWebKit/537.36 (KHTML, like Gecko) Chrome/60.0.3112.101 Safari/537.36"
::1 - - [24/Aug/2017:10:22:24 +0000] "GET /signin HTTP/1.1" 500 58 "-" "Mozilla/5.0 (Macintosh; Intel Mac OS X 10_12_6) AppleWebKit/537.36 (KHTML, like Gecko) Chrome/60.0.3112.101 Safari/537.36"
::1 - - [24/Aug/2017:10:22:24 +0000] "GET /signin HTTP/1.1" 500 58 "-" "Mozilla/5.0 (Macintosh; Intel Mac OS X 10_12_6) AppleWebKit/537.36 (KHTML, like Gecko) Chrome/60.0.3112.101 Safari/537.36"
::1 - - [24/Aug/2017:10:22:24 +0000] "GET /signin HTTP/1.1" 500 58 "-" "Mozilla/5.0 (Macintosh; Intel Mac OS X 10_12_6) AppleWebKit/537.36 (KHTML, like Gecko) Chrome/60.0.3112.101 Safari/537.36"
::1 - - [24/Aug/2017:10:22:24 +0000] "GET /signin HTTP/1.1" 500 58 "-" "Mozilla/5.0 (Macintosh; Intel Mac OS X 10_12_6) AppleWebKit/537.36 (KHTML, like Gecko) Chrome/60.0.3112.101 Safari/537.36"
::1 - - [24/Aug/2017:10:22:24 +0000] "GET /signin HTTP/1.1" 500 58 "-" "Mozilla/5.0 (Macintosh; Intel Mac OS X 10_12_6) AppleWebKit/537.36 (KHTML, like Gecko) Chrome/60.0.3112.101 Safari/537.36"
::1 - - [24/Aug/2017:10:22:24 +0000] "GET /signin HTTP/1.1" 500 58 "-" "Mozilla/5.0 (Macintosh; Intel Mac OS X 10_12_6) AppleWebKit/537.36 (KHTML, like Gecko) Chrome/60.0.3112.101 Safari/537.36"
::1 - - [24/Aug/2017:10:22:24 +0000] "GET /signin HTTP/1.1" 500 58 "-" "Mozilla/5.0 (Macintosh; Intel Mac OS X 10_12_6) AppleWebKit/537.36 (KHTML, like Gecko) Chrome/60.0.3112.101 Safari/537.36"
::1 - - [24/Aug/2017:10:22:24 +0000] "GET /signin HTTP/1.1" 500 58 "-" "Mozilla/5.0 (Macintosh; Intel Mac OS X 10_12_6) AppleWebKit/537.36 (KHTML, like Gecko) Chrome/60.0.3112.101 Safari/537.36"
::1 - - [24/Aug/2017:10:22:24 +0000] "GET /signin HTTP/1.1" 500 58 "-" "Mozilla/5.0 (Macintosh; Intel Mac OS X 10_12_6) AppleWebKit/537.36 (KHTML, like Gecko) Chrome/60.0.3112.101 Safari/537.36"
::1 - - [24/Aug/2017:10:22:24 +0000] "GET /signin HTTP/1.1" 500 58 "-" "Mozilla/5.0 (Macintosh; Intel Mac OS X 10_12_6) AppleWebKit/537.36 (KHTML, like Gecko) Chrome/60.0.3112.101 Safari/537.36"
::1 - - [24/Aug/2017:10:22:24 +0000] "GET /signin HTTP/1.1" 500 58 "-" "Mozilla/5.0 (Macintosh; Intel Mac OS X 10_12_6) AppleWebKit/537.36 (KHTML, like Gecko) Chrome/60.0.3112.101 Safari/537.36"
::1 - - [24/Aug/2017:10:22:24 +0000] "GET /signin HTTP/1.1" 500 58 "-" "Mozilla/5.0 (Macintosh; Intel Mac OS X 10_12_6) AppleWebKit/537.36 (KHTML, like Gecko) Chrome/60.0.3112.101 Safari/537.36"
::1 - - [24/Aug/2017:10:22:24 +0000] "GET /signin HTTP/1.1" 500 58 "-" "Mozilla/5.0 (Macintosh; Intel Mac OS X 10_12_6) AppleWebKit/537.36 (KHTML, like Gecko) Chrome/60.0.3112.101 Safari/537.36"
::1 - - [24/Aug/2017:10:22:24 +0000] "GET /signin HTTP/1.1" 500 58 "-" "Mozilla/5.0 (Macintosh; Intel Mac OS X 10_12_6) AppleWebKit/537.36 (KHTML, like Gecko) Chrome/60.0.3112.101 Safari/537.36"
::1 - - [24/Aug/2017:10:22:24 +0000] "GET /signin HTTP/1.1" 500 58 "-" "Mozilla/5.0 (Macintosh; Intel Mac OS X 10_12_6) AppleWebKit/537.36 (KHTML, like Gecko) Chrome/60.0.3112.101 Safari/537.36"
::1 - - [24/Aug/2017:10:22:24 +0000] "GET /signin HTTP/1.1" 500 58 "-" "Mozilla/5.0 (Macintosh; Intel Mac OS X 10_12_6) AppleWebKit/537.36 (KHTML, like Gecko) Chrome/60.0.3112.101 Safari/537.36"
::1 - - [24/Aug/2017:10:22:24 +0000] "GET /signin HTTP/1.1" 500 58 "-" "Mozilla/5.0 (Macintosh; Intel Mac OS X 10_12_6) AppleWebKit/537.36 (KHTML, like Gecko) Chrome/60.0.3112.101 Safari/537.36"
::1 - - [24/Aug/2017:10:22:24 +0000] "GET /signin HTTP/1.1" 500 58 "-" "Mozilla/5.0 (Macintosh; Intel Mac OS X 10_12_6) AppleWebKit/537.36 (KHTML, like Gecko) Chrome/60.0.3112.101 Safari/537.36"
::1 - - [24/Aug/2017:10:22:24 +0000] "GET /signin HTTP/1.1" 500 58 "-" "Mozilla/5.0 (Macintosh; Intel Mac OS X 10_12_6) AppleWebKit/537.36 (KHTML, like Gecko) Chrome/60.0.3112.101 Safari/537.36"
::1 - - [24/Aug/2017:10:22:24 +0000] "GET /signin HTTP/1.1" 500 58 "-" "Mozilla/5.0 (Macintosh; Intel Mac OS X 10_12_6) AppleWebKit/537.36 (KHTML, like Gecko) Chrome/60.0.3112.101 Safari/537.36"
::1 - - [24/Aug/2017:10:22:25 +0000] "GET /signin HTTP/1.1" 500 58 "-" "Mozilla/5.0 (Macintosh; Intel Mac OS X 10_12_6) AppleWebKit/537.36 (KHTML, like Gecko) Chrome/60.0.3112.101 Safari/537.36"
::1 - - [24/Aug/2017:10:22:25 +0000] "GET /signin HTTP/1.1" 500 58 "-" "Mozilla/5.0 (Macintosh; Intel Mac OS X 10_12_6) AppleWebKit/537.36 (KHTML, like Gecko) Chrome/60.0.3112.101 Safari/537.36"
::1 - - [24/Aug/2017:10:22:25 +0000] "GET /signin HTTP/1.1" 500 58 "-" "Mozilla/5.0 (Macintosh; Intel Mac OS X 10_12_6) AppleWebKit/537.36 (KHTML, like Gecko) Chrome/60.0.3112.101 Safari/537.36"
::1 - - [24/Aug/2017:10:22:25 +0000] "GET /signin HTTP/1.1" 500 58 "-" "Mozilla/5.0 (Macintosh; Intel Mac OS X 10_12_6) AppleWebKit/537.36 (KHTML, like Gecko) Chrome/60.0.3112.101 Safari/537.36"
::1 - - [24/Aug/2017:10:22:25 +0000] "GET /signin HTTP/1.1" 500 58 "-" "Mozilla/5.0 (Macintosh; Intel Mac OS X 10_12_6) AppleWebKit/537.36 (KHTML, like Gecko) Chrome/60.0.3112.101 Safari/537.36"
::1 - - [24/Aug/2017:10:22:26 +0000] "GET /signin HTTP/1.1" 500 58 "-" "Mozilla/5.0 (Macintosh; Intel Mac OS X 10_12_6) AppleWebKit/537.36 (KHTML, like Gecko) Chrome/60.0.3112.101 Safari/537.36"
::1 - - [24/Aug/2017:10:22:26 +0000] "GET /signin HTTP/1.1" 500 58 "-" "Mozilla/5.0 (Macintosh; Intel Mac OS X 10_12_6) AppleWebKit/537.36 (KHTML, like Gecko) Chrome/60.0.3112.101 Safari/537.36"
::1 - - [24/Aug/2017:10:22:26 +0000] "GET /signin HTTP/1.1" 500 58 "-" "Mozilla/5.0 (Macintosh; Intel Mac OS X 10_12_6) AppleWebKit/537.36 (KHTML, like Gecko) Chrome/60.0.3112.101 Safari/537.36"
::1 - - [24/Aug/2017:10:22:26 +0000] "GET /signin HTTP/1.1" 500 58 "-" "Mozilla/5.0 (Macintosh; Intel Mac OS X 10_12_6) AppleWebKit/537.36 (KHTML, like Gecko) Chrome/60.0.3112.101 Safari/537.36"
::1 - - [24/Aug/2017:10:22:26 +0000] "GET /signin HTTP/1.1" 500 58 "-" "Mozilla/5.0 (Macintosh; Intel Mac OS X 10_12_6) AppleWebKit/537.36 (KHTML, like Gecko) Chrome/60.0.3112.101 Safari/537.36"
::1 - - [24/Aug/2017:10:22:26 +0000] "GET /signin HTTP/1.1" 500 58 "-" "Mozilla/5.0 (Macintosh; Intel Mac OS X 10_12_6) AppleWebKit/537.36 (KHTML, like Gecko) Chrome/60.0.3112.101 Safari/537.36"
::1 - - [24/Aug/2017:10:22:26 +0000] "GET /signin HTTP/1.1" 500 58 "-" "Mozilla/5.0 (Macintosh; Intel Mac OS X 10_12_6) AppleWebKit/537.36 (KHTML, like Gecko) Chrome/60.0.3112.101 Safari/537.36"
::1 - - [24/Aug/2017:10:22:26 +0000] "GET /signin HTTP/1.1" 500 58 "-" "Mozilla/5.0 (Macintosh; Intel Mac OS X 10_12_6) AppleWebKit/537.36 (KHTML, like Gecko) Chrome/60.0.3112.101 Safari/537.36"
::1 - - [24/Aug/2017:10:22:26 +0000] "GET /signin HTTP/1.1" 500 58 "-" "Mozilla/5.0 (Macintosh; Intel Mac OS X 10_12_6) AppleWebKit/537.36 (KHTML, like Gecko) Chrome/60.0.3112.101 Safari/537.36"
::1 - - [24/Aug/2017:10:22:26 +0000] "GET /signin HTTP/1.1" 500 58 "-" "Mozilla/5.0 (Macintosh; Intel Mac OS X 10_12_6) AppleWebKit/537.36 (KHTML, like Gecko) Chrome/60.0.3112.101 Safari/537.36"
::1 - - [24/Aug/2017:10:22:26 +0000] "GET /signin HTTP/1.1" 500 58 "-" "Mozilla/5.0 (Macintosh; Intel Mac OS X 10_12_6) AppleWebKit/537.36 (KHTML, like Gecko) Chrome/60.0.3112.101 Safari/537.36"
::1 - - [24/Aug/2017:10:22:26 +0000] "GET /signin HTTP/1.1" 500 58 "-" "Mozilla/5.0 (Macintosh; Intel Mac OS X 10_12_6) AppleWebKit/537.36 (KHTML, like Gecko) Chrome/60.0.3112.101 Safari/537.36"
::1 - - [24/Aug/2017:10:22:26 +0000] "GET /signin HTTP/1.1" 500 58 "-" "Mozilla/5.0 (Macintosh; Intel Mac OS X 10_12_6) AppleWebKit/537.36 (KHTML, like Gecko) Chrome/60.0.3112.101 Safari/537.36"
::1 - - [24/Aug/2017:10:22:26 +0000] "GET /signin HTTP/1.1" 500 58 "-" "Mozilla/5.0 (Macintosh; Intel Mac OS X 10_12_6) AppleWebKit/537.36 (KHTML, like Gecko) Chrome/60.0.3112.101 Safari/537.36"
::1 - - [24/Aug/2017:10:22:26 +0000] "GET /signin HTTP/1.1" 500 58 "-" "Mozilla/5.0 (Macintosh; Intel Mac OS X 10_12_6) AppleWebKit/537.36 (KHTML, like Gecko) Chrome/60.0.3112.101 Safari/537.36"
::1 - - [24/Aug/2017:10:22:26 +0000] "GET /signin HTTP/1.1" 500 58 "-" "Mozilla/5.0 (Macintosh; Intel Mac OS X 10_12_6) AppleWebKit/537.36 (KHTML, like Gecko) Chrome/60.0.3112.101 Safari/537.36"
::1 - - [24/Aug/2017:10:22:37 +0000] "GET /signin HTTP/1.1" 500 58 "-" "Mozilla/5.0 (Macintosh; Intel Mac OS X 10_12_6) AppleWebKit/537.36 (KHTML, like Gecko) Chrome/60.0.3112.101 Safari/537.36"
::1 - - [24/Aug/2017:10:22:37 +0000] "GET /signin HTTP/1.1" 500 58 "-" "Mozilla/5.0 (Macintosh; Intel Mac OS X 10_12_6) AppleWebKit/537.36 (KHTML, like Gecko) Chrome/60.0.3112.101 Safari/537.36"
::1 - - [24/Aug/2017:10:22:37 +0000] "GET /signin HTTP/1.1" 500 58 "-" "Mozilla/5.0 (Macintosh; Intel Mac OS X 10_12_6) AppleWebKit/537.36 (KHTML, like Gecko) Chrome/60.0.3112.101 Safari/537.36"
::1 - - [24/Aug/2017:10:22:37 +0000] "GET /signin HTTP/1.1" 500 58 "-" "Mozilla/5.0 (Macintosh; Intel Mac OS X 10_12_6) AppleWebKit/537.36 (KHTML, like Gecko) Chrome/60.0.3112.101 Safari/537.36"
::1 - - [24/Aug/2017:10:22:37 +0000] "GET /signin HTTP/1.1" 500 58 "-" "Mozilla/5.0 (Macintosh; Intel Mac OS X 10_12_6) AppleWebKit/537.36 (KHTML, like Gecko) Chrome/60.0.3112.101 Safari/537.36"
::1 - - [24/Aug/2017:10:22:37 +0000] "GET /signin HTTP/1.1" 500 58 "-" "Mozilla/5.0 (Macintosh; Intel Mac OS X 10_12_6) AppleWebKit/537.36 (KHTML, like Gecko) Chrome/60.0.3112.101 Safari/537.36"
::1 - - [24/Aug/2017:10:22:37 +0000] "GET /signin HTTP/1.1" 500 58 "-" "Mozilla/5.0 (Macintosh; Intel Mac OS X 10_12_6) AppleWebKit/537.36 (KHTML, like Gecko) Chrome/60.0.3112.101 Safari/537.36"
::1 - - [24/Aug/2017:10:22:37 +0000] "GET /signin HTTP/1.1" 500 58 "-" "Mozilla/5.0 (Macintosh; Intel Mac OS X 10_12_6) AppleWebKit/537.36 (KHTML, like Gecko) Chrome/60.0.3112.101 Safari/537.36"
::1 - - [24/Aug/2017:10:22:38 +0000] "GET /signin HTTP/1.1" 500 58 "-" "Mozilla/5.0 (Macintosh; Intel Mac OS X 10_12_6) AppleWebKit/537.36 (KHTML, like Gecko) Chrome/60.0.3112.101 Safari/537.36"
::1 - - [24/Aug/2017:10:22:38 +0000] "GET /signin HTTP/1.1" 500 58 "-" "Mozilla/5.0 (Macintosh; Intel Mac OS X 10_12_6) AppleWebKit/537.36 (KHTML, like Gecko) Chrome/60.0.3112.101 Safari/537.36"
::1 - - [24/Aug/2017:10:22:38 +0000] "GET /signin HTTP/1.1" 500 58 "-" "Mozilla/5.0 (Macintosh; Intel Mac OS X 10_12_6) AppleWebKit/537.36 (KHTML, like Gecko) Chrome/60.0.3112.101 Safari/537.36"
::1 - - [24/Aug/2017:10:22:38 +0000] "GET /signin HTTP/1.1" 500 58 "-" "Mozilla/5.0 (Macintosh; Intel Mac OS X 10_12_6) AppleWebKit/537.36 (KHTML, like Gecko) Chrome/60.0.3112.101 Safari/537.36"
::1 - - [24/Aug/2017:10:22:38 +0000] "GET /signin HTTP/1.1" 500 58 "-" "Mozilla/5.0 (Macintosh; Intel Mac OS X 10_12_6) AppleWebKit/537.36 (KHTML, like Gecko) Chrome/60.0.3112.101 Safari/537.36"
::1 - - [24/Aug/2017:10:22:38 +0000] "GET /signin HTTP/1.1" 500 58 "-" "Mozilla/5.0 (Macintosh; Intel Mac OS X 10_12_6) AppleWebKit/537.36 (KHTML, like Gecko) Chrome/60.0.3112.101 Safari/537.36"
::1 - - [24/Aug/2017:10:22:38 +0000] "GET /signin HTTP/1.1" 500 58 "-" "Mozilla/5.0 (Macintosh; Intel Mac OS X 10_12_6) AppleWebKit/537.36 (KHTML, like Gecko) Chrome/60.0.3112.101 Safari/537.36"
::1 - - [24/Aug/2017:10:22:38 +0000] "GET /signin HTTP/1.1" 500 58 "-" "Mozilla/5.0 (Macintosh; Intel Mac OS X 10_12_6) AppleWebKit/537.36 (KHTML, like Gecko) Chrome/60.0.3112.101 Safari/537.36"
::1 - - [24/Aug/2017:10:22:38 +0000] "GET /signin HTTP/1.1" 500 58 "-" "Mozilla/5.0 (Macintosh; Intel Mac OS X 10_12_6) AppleWebKit/537.36 (KHTML, like Gecko) Chrome/60.0.3112.101 Safari/537.36"
::1 - - [24/Aug/2017:10:22:38 +0000] "GET /signin HTTP/1.1" 500 58 "-" "Mozilla/5.0 (Macintosh; Intel Mac OS X 10_12_6) AppleWebKit/537.36 (KHTML, like Gecko) Chrome/60.0.3112.101 Safari/537.36"
::1 - - [24/Aug/2017:10:22:38 +0000] "GET /signin HTTP/1.1" 500 58 "-" "Mozilla/5.0 (Macintosh; Intel Mac OS X 10_12_6) AppleWebKit/537.36 (KHTML, like Gecko) Chrome/60.0.3112.101 Safari/537.36"
::1 - - [24/Aug/2017:10:22:38 +0000] "GET /signin HTTP/1.1" 500 58 "-" "Mozilla/5.0 (Macintosh; Intel Mac OS X 10_12_6) AppleWebKit/537.36 (KHTML, like Gecko) Chrome/60.0.3112.101 Safari/537.36"
::1 - - [24/Aug/2017:10:22:38 +0000] "GET /signin HTTP/1.1" 500 58 "-" "Mozilla/5.0 (Macintosh; Intel Mac OS X 10_12_6) AppleWebKit/537.36 (KHTML, like Gecko) Chrome/60.0.3112.101 Safari/537.36"
::1 - - [24/Aug/2017:10:22:43 +0000] "GET /signin HTTP/1.1" 500 58 "-" "Mozilla/5.0 (Macintosh; Intel Mac OS X 10_12_6) AppleWebKit/537.36 (KHTML, like Gecko) Chrome/60.0.3112.101 Safari/537.36"
::1 - - [24/Aug/2017:10:22:43 +0000] "GET /signin HTTP/1.1" 500 58 "-" "Mozilla/5.0 (Macintosh; Intel Mac OS X 10_12_6) AppleWebKit/537.36 (KHTML, like Gecko) Chrome/60.0.3112.101 Safari/537.36"
::1 - - [24/Aug/2017:10:22:43 +0000] "GET /signin HTTP/1.1" 500 58 "-" "Mozilla/5.0 (Macintosh; Intel Mac OS X 10_12_6) AppleWebKit/537.36 (KHTML, like Gecko) Chrome/60.0.3112.101 Safari/537.36"
::1 - - [24/Aug/2017:10:22:43 +0000] "GET /signin HTTP/1.1" 500 58 "-" "Mozilla/5.0 (Macintosh; Intel Mac OS X 10_12_6) AppleWebKit/537.36 (KHTML, like Gecko) Chrome/60.0.3112.101 Safari/537.36"
::1 - - [24/Aug/2017:10:22:43 +0000] "GET /signin HTTP/1.1" 500 58 "-" "Mozilla/5.0 (Macintosh; Intel Mac OS X 10_12_6) AppleWebKit/537.36 (KHTML, like Gecko) Chrome/60.0.3112.101 Safari/537.36"
::1 - - [24/Aug/2017:10:22:43 +0000] "GET /signin HTTP/1.1" 500 58 "-" "Mozilla/5.0 (Macintosh; Intel Mac OS X 10_12_6) AppleWebKit/537.36 (KHTML, like Gecko) Chrome/60.0.3112.101 Safari/537.36"
::1 - - [24/Aug/2017:10:22:43 +0000] "GET /signin HTTP/1.1" 500 58 "-" "Mozilla/5.0 (Macintosh; Intel Mac OS X 10_12_6) AppleWebKit/537.36 (KHTML, like Gecko) Chrome/60.0.3112.101 Safari/537.36"
::1 - - [24/Aug/2017:10:22:43 +0000] "GET /signin HTTP/1.1" 500 58 "-" "Mozilla/5.0 (Macintosh; Intel Mac OS X 10_12_6) AppleWebKit/537.36 (KHTML, like Gecko) Chrome/60.0.3112.101 Safari/537.36"
::1 - - [24/Aug/2017:10:22:43 +0000] "GET /signin HTTP/1.1" 500 58 "-" "Mozilla/5.0 (Macintosh; Intel Mac OS X 10_12_6) AppleWebKit/537.36 (KHTML, like Gecko) Chrome/60.0.3112.101 Safari/537.36"
::1 - - [24/Aug/2017:10:22:43 +0000] "GET /signin HTTP/1.1" 500 58 "-" "Mozilla/5.0 (Macintosh; Intel Mac OS X 10_12_6) AppleWebKit/537.36 (KHTML, like Gecko) Chrome/60.0.3112.101 Safari/537.36"
::1 - - [24/Aug/2017:10:22:43 +0000] "GET /signin HTTP/1.1" 500 58 "-" "Mozilla/5.0 (Macintosh; Intel Mac OS X 10_12_6) AppleWebKit/537.36 (KHTML, like Gecko) Chrome/60.0.3112.101 Safari/537.36"
::1 - - [24/Aug/2017:10:22:43 +0000] "GET /signin HTTP/1.1" 500 58 "-" "Mozilla/5.0 (Macintosh; Intel Mac OS X 10_12_6) AppleWebKit/537.36 (KHTML, like Gecko) Chrome/60.0.3112.101 Safari/537.36"
::1 - - [24/Aug/2017:10:22:43 +0000] "GET /signin HTTP/1.1" 500 58 "-" "Mozilla/5.0 (Macintosh; Intel Mac OS X 10_12_6) AppleWebKit/537.36 (KHTML, like Gecko) Chrome/60.0.3112.101 Safari/537.36"
::1 - - [24/Aug/2017:10:22:43 +0000] "GET /signin HTTP/1.1" 500 58 "-" "Mozilla/5.0 (Macintosh; Intel Mac OS X 10_12_6) AppleWebKit/537.36 (KHTML, like Gecko) Chrome/60.0.3112.101 Safari/537.36"
::1 - - [24/Aug/2017:10:22:43 +0000] "GET /signin HTTP/1.1" 500 58 "-" "Mozilla/5.0 (Macintosh; Intel Mac OS X 10_12_6) AppleWebKit/537.36 (KHTML, like Gecko) Chrome/60.0.3112.101 Safari/537.36"
::1 - - [24/Aug/2017:10:22:43 +0000] "GET /signin HTTP/1.1" 500 58 "-" "Mozilla/5.0 (Macintosh; Intel Mac OS X 10_12_6) AppleWebKit/537.36 (KHTML, like Gecko) Chrome/60.0.3112.101 Safari/537.36"
::1 - - [24/Aug/2017:10:22:43 +0000] "GET /signin HTTP/1.1" 500 58 "-" "Mozilla/5.0 (Macintosh; Intel Mac OS X 10_12_6) AppleWebKit/537.36 (KHTML, like Gecko) Chrome/60.0.3112.101 Safari/537.36"
::1 - - [24/Aug/2017:10:22:43 +0000] "GET /signin HTTP/1.1" 500 58 "-" "Mozilla/5.0 (Macintosh; Intel Mac OS X 10_12_6) AppleWebKit/537.36 (KHTML, like Gecko) Chrome/60.0.3112.101 Safari/537.36"
::1 - - [24/Aug/2017:10:22:43 +0000] "GET /signin HTTP/1.1" 500 58 "-" "Mozilla/5.0 (Macintosh; Intel Mac OS X 10_12_6) AppleWebKit/537.36 (KHTML, like Gecko) Chrome/60.0.3112.101 Safari/537.36"
::1 - - [24/Aug/2017:10:22:43 +0000] "GET /signin HTTP/1.1" 500 58 "-" "Mozilla/5.0 (Macintosh; Intel Mac OS X 10_12_6) AppleWebKit/537.36 (KHTML, like Gecko) Chrome/60.0.3112.101 Safari/537.36"
::1 - - [24/Aug/2017:10:22:43 +0000] "GET /signin HTTP/1.1" 500 58 "-" "Mozilla/5.0 (Macintosh; Intel Mac OS X 10_12_6) AppleWebKit/537.36 (KHTML, like Gecko) Chrome/60.0.3112.101 Safari/537.36"
::1 - - [24/Aug/2017:10:23:04 +0000] "GET /signin HTTP/1.1" 500 58 "-" "Mozilla/5.0 (Macintosh; Intel Mac OS X 10_12_6) AppleWebKit/537.36 (KHTML, like Gecko) Chrome/60.0.3112.101 Safari/537.36"
::1 - - [24/Aug/2017:10:23:04 +0000] "GET /signin HTTP/1.1" 500 58 "-" "Mozilla/5.0 (Macintosh; Intel Mac OS X 10_12_6) AppleWebKit/537.36 (KHTML, like Gecko) Chrome/60.0.3112.101 Safari/537.36"
::1 - - [24/Aug/2017:10:23:04 +0000] "GET /signin HTTP/1.1" 500 58 "-" "Mozilla/5.0 (Macintosh; Intel Mac OS X 10_12_6) AppleWebKit/537.36 (KHTML, like Gecko) Chrome/60.0.3112.101 Safari/537.36"
::1 - - [24/Aug/2017:10:23:04 +0000] "GET /signin HTTP/1.1" 500 58 "-" "Mozilla/5.0 (Macintosh; Intel Mac OS X 10_12_6) AppleWebKit/537.36 (KHTML, like Gecko) Chrome/60.0.3112.101 Safari/537.36"
::1 - - [24/Aug/2017:10:23:04 +0000] "GET /signin HTTP/1.1" 500 58 "-" "Mozilla/5.0 (Macintosh; Intel Mac OS X 10_12_6) AppleWebKit/537.36 (KHTML, like Gecko) Chrome/60.0.3112.101 Safari/537.36"
::1 - - [24/Aug/2017:10:23:04 +0000] "GET /signin HTTP/1.1" 500 58 "-" "Mozilla/5.0 (Macintosh; Intel Mac OS X 10_12_6) AppleWebKit/537.36 (KHTML, like Gecko) Chrome/60.0.3112.101 Safari/537.36"
::1 - - [24/Aug/2017:10:23:04 +0000] "GET /signin HTTP/1.1" 500 58 "-" "Mozilla/5.0 (Macintosh; Intel Mac OS X 10_12_6) AppleWebKit/537.36 (KHTML, like Gecko) Chrome/60.0.3112.101 Safari/537.36"
::1 - - [24/Aug/2017:10:23:04 +0000] "GET /signin HTTP/1.1" 500 58 "-" "Mozilla/5.0 (Macintosh; Intel Mac OS X 10_12_6) AppleWebKit/537.36 (KHTML, like Gecko) Chrome/60.0.3112.101 Safari/537.36"
::1 - - [24/Aug/2017:10:23:04 +0000] "GET /signin HTTP/1.1" 500 58 "-" "Mozilla/5.0 (Macintosh; Intel Mac OS X 10_12_6) AppleWebKit/537.36 (KHTML, like Gecko) Chrome/60.0.3112.101 Safari/537.36"
::1 - - [24/Aug/2017:10:23:04 +0000] "GET /signin HTTP/1.1" 500 58 "-" "Mozilla/5.0 (Macintosh; Intel Mac OS X 10_12_6) AppleWebKit/537.36 (KHTML, like Gecko) Chrome/60.0.3112.101 Safari/537.36"
::1 - - [24/Aug/2017:10:23:04 +0000] "GET /signin HTTP/1.1" 500 58 "-" "Mozilla/5.0 (Macintosh; Intel Mac OS X 10_12_6) AppleWebKit/537.36 (KHTML, like Gecko) Chrome/60.0.3112.101 Safari/537.36"
::1 - - [24/Aug/2017:10:23:04 +0000] "GET /signin HTTP/1.1" 500 58 "-" "Mozilla/5.0 (Macintosh; Intel Mac OS X 10_12_6) AppleWebKit/537.36 (KHTML, like Gecko) Chrome/60.0.3112.101 Safari/537.36"
::1 - - [24/Aug/2017:10:23:04 +0000] "GET /signin HTTP/1.1" 500 58 "-" "Mozilla/5.0 (Macintosh; Intel Mac OS X 10_12_6) AppleWebKit/537.36 (KHTML, like Gecko) Chrome/60.0.3112.101 Safari/537.36"
::1 - - [24/Aug/2017:10:23:04 +0000] "GET /signin HTTP/1.1" 500 58 "-" "Mozilla/5.0 (Macintosh; Intel Mac OS X 10_12_6) AppleWebKit/537.36 (KHTML, like Gecko) Chrome/60.0.3112.101 Safari/537.36"
::1 - - [24/Aug/2017:10:23:04 +0000] "GET /signin HTTP/1.1" 500 58 "-" "Mozilla/5.0 (Macintosh; Intel Mac OS X 10_12_6) AppleWebKit/537.36 (KHTML, like Gecko) Chrome/60.0.3112.101 Safari/537.36"
::1 - - [24/Aug/2017:10:23:04 +0000] "GET /signin HTTP/1.1" 500 58 "-" "Mozilla/5.0 (Macintosh; Intel Mac OS X 10_12_6) AppleWebKit/537.36 (KHTML, like Gecko) Chrome/60.0.3112.101 Safari/537.36"
::1 - - [24/Aug/2017:10:23:04 +0000] "GET /signin HTTP/1.1" 500 58 "-" "Mozilla/5.0 (Macintosh; Intel Mac OS X 10_12_6) AppleWebKit/537.36 (KHTML, like Gecko) Chrome/60.0.3112.101 Safari/537.36"
::1 - - [24/Aug/2017:10:23:04 +0000] "GET /signin HTTP/1.1" 500 58 "-" "Mozilla/5.0 (Macintosh; Intel Mac OS X 10_12_6) AppleWebKit/537.36 (KHTML, like Gecko) Chrome/60.0.3112.101 Safari/537.36"
::1 - - [24/Aug/2017:10:23:04 +0000] "GET /signin HTTP/1.1" 500 58 "-" "Mozilla/5.0 (Macintosh; Intel Mac OS X 10_12_6) AppleWebKit/537.36 (KHTML, like Gecko) Chrome/60.0.3112.101 Safari/537.36"
::1 - - [24/Aug/2017:10:23:04 +0000] "GET /signin HTTP/1.1" 500 58 "-" "Mozilla/5.0 (Macintosh; Intel Mac OS X 10_12_6) AppleWebKit/537.36 (KHTML, like Gecko) Chrome/60.0.3112.101 Safari/537.36"
::1 - - [24/Aug/2017:10:23:04 +0000] "GET /signin HTTP/1.1" 500 58 "-" "Mozilla/5.0 (Macintosh; Intel Mac OS X 10_12_6) AppleWebKit/537.36 (KHTML, like Gecko) Chrome/60.0.3112.101 Safari/537.36"
::1 - - [24/Aug/2017:10:23:35 +0000] "GET /signin HTTP/1.1" 500 58 "-" "Mozilla/5.0 (Macintosh; Intel Mac OS X 10_12_6) AppleWebKit/537.36 (KHTML, like Gecko) Chrome/60.0.3112.101 Safari/537.36"
::1 - - [24/Aug/2017:10:23:35 +0000] "GET /signin HTTP/1.1" 500 58 "-" "Mozilla/5.0 (Macintosh; Intel Mac OS X 10_12_6) AppleWebKit/537.36 (KHTML, like Gecko) Chrome/60.0.3112.101 Safari/537.36"
::1 - - [24/Aug/2017:10:23:35 +0000] "GET /signin HTTP/1.1" 500 58 "-" "Mozilla/5.0 (Macintosh; Intel Mac OS X 10_12_6) AppleWebKit/537.36 (KHTML, like Gecko) Chrome/60.0.3112.101 Safari/537.36"
::1 - - [24/Aug/2017:10:23:35 +0000] "GET /signin HTTP/1.1" 500 58 "-" "Mozilla/5.0 (Macintosh; Intel Mac OS X 10_12_6) AppleWebKit/537.36 (KHTML, like Gecko) Chrome/60.0.3112.101 Safari/537.36"
::1 - - [24/Aug/2017:10:23:35 +0000] "GET /signin HTTP/1.1" 500 58 "-" "Mozilla/5.0 (Macintosh; Intel Mac OS X 10_12_6) AppleWebKit/537.36 (KHTML, like Gecko) Chrome/60.0.3112.101 Safari/537.36"
::1 - - [24/Aug/2017:10:23:35 +0000] "GET /signin HTTP/1.1" 500 58 "-" "Mozilla/5.0 (Macintosh; Intel Mac OS X 10_12_6) AppleWebKit/537.36 (KHTML, like Gecko) Chrome/60.0.3112.101 Safari/537.36"
::1 - - [24/Aug/2017:10:23:35 +0000] "GET /signin HTTP/1.1" 500 58 "-" "Mozilla/5.0 (Macintosh; Intel Mac OS X 10_12_6) AppleWebKit/537.36 (KHTML, like Gecko) Chrome/60.0.3112.101 Safari/537.36"
::1 - - [24/Aug/2017:10:23:35 +0000] "GET /signin HTTP/1.1" 500 58 "-" "Mozilla/5.0 (Macintosh; Intel Mac OS X 10_12_6) AppleWebKit/537.36 (KHTML, like Gecko) Chrome/60.0.3112.101 Safari/537.36"
::1 - - [24/Aug/2017:10:23:35 +0000] "GET /signin HTTP/1.1" 500 58 "-" "Mozilla/5.0 (Macintosh; Intel Mac OS X 10_12_6) AppleWebKit/537.36 (KHTML, like Gecko) Chrome/60.0.3112.101 Safari/537.36"
::1 - - [24/Aug/2017:10:23:35 +0000] "GET /signin HTTP/1.1" 500 58 "-" "Mozilla/5.0 (Macintosh; Intel Mac OS X 10_12_6) AppleWebKit/537.36 (KHTML, like Gecko) Chrome/60.0.3112.101 Safari/537.36"
::1 - - [24/Aug/2017:10:23:35 +0000] "GET /signin HTTP/1.1" 500 58 "-" "Mozilla/5.0 (Macintosh; Intel Mac OS X 10_12_6) AppleWebKit/537.36 (KHTML, like Gecko) Chrome/60.0.3112.101 Safari/537.36"
::1 - - [24/Aug/2017:10:23:35 +0000] "GET /signin HTTP/1.1" 500 58 "-" "Mozilla/5.0 (Macintosh; Intel Mac OS X 10_12_6) AppleWebKit/537.36 (KHTML, like Gecko) Chrome/60.0.3112.101 Safari/537.36"
::1 - - [24/Aug/2017:10:23:35 +0000] "GET /signin HTTP/1.1" 500 58 "-" "Mozilla/5.0 (Macintosh; Intel Mac OS X 10_12_6) AppleWebKit/537.36 (KHTML, like Gecko) Chrome/60.0.3112.101 Safari/537.36"
::1 - - [24/Aug/2017:10:23:35 +0000] "GET /signin HTTP/1.1" 500 58 "-" "Mozilla/5.0 (Macintosh; Intel Mac OS X 10_12_6) AppleWebKit/537.36 (KHTML, like Gecko) Chrome/60.0.3112.101 Safari/537.36"
::1 - - [24/Aug/2017:10:23:35 +0000] "GET /signin HTTP/1.1" 500 58 "-" "Mozilla/5.0 (Macintosh; Intel Mac OS X 10_12_6) AppleWebKit/537.36 (KHTML, like Gecko) Chrome/60.0.3112.101 Safari/537.36"
::1 - - [24/Aug/2017:10:23:35 +0000] "GET /signin HTTP/1.1" 500 58 "-" "Mozilla/5.0 (Macintosh; Intel Mac OS X 10_12_6) AppleWebKit/537.36 (KHTML, like Gecko) Chrome/60.0.3112.101 Safari/537.36"
::1 - - [24/Aug/2017:10:23:35 +0000] "GET /signin HTTP/1.1" 500 58 "-" "Mozilla/5.0 (Macintosh; Intel Mac OS X 10_12_6) AppleWebKit/537.36 (KHTML, like Gecko) Chrome/60.0.3112.101 Safari/537.36"
::1 - - [24/Aug/2017:10:23:35 +0000] "GET /signin HTTP/1.1" 500 58 "-" "Mozilla/5.0 (Macintosh; Intel Mac OS X 10_12_6) AppleWebKit/537.36 (KHTML, like Gecko) Chrome/60.0.3112.101 Safari/537.36"
::1 - - [24/Aug/2017:10:23:35 +0000] "GET /signin HTTP/1.1" 500 58 "-" "Mozilla/5.0 (Macintosh; Intel Mac OS X 10_12_6) AppleWebKit/537.36 (KHTML, like Gecko) Chrome/60.0.3112.101 Safari/537.36"
::1 - - [24/Aug/2017:10:23:35 +0000] "GET /signin HTTP/1.1" 500 58 "-" "Mozilla/5.0 (Macintosh; Intel Mac OS X 10_12_6) AppleWebKit/537.36 (KHTML, like Gecko) Chrome/60.0.3112.101 Safari/537.36"
::1 - - [24/Aug/2017:10:23:35 +0000] "GET /signin HTTP/1.1" 500 58 "-" "Mozilla/5.0 (Macintosh; Intel Mac OS X 10_12_6) AppleWebKit/537.36 (KHTML, like Gecko) Chrome/60.0.3112.101 Safari/537.36"
::1 - - [24/Aug/2017:10:24:04 +0000] "GET /signin HTTP/1.1" 200 2490 "-" "Mozilla/5.0 (Macintosh; Intel Mac OS X 10_12_6) AppleWebKit/537.36 (KHTML, like Gecko) Chrome/60.0.3112.101 Safari/537.36"
::1 - - [24/Aug/2017:10:24:21 +0000] "GET /signin HTTP/1.1" 200 2418 "-" "Mozilla/5.0 (Macintosh; Intel Mac OS X 10_12_6) AppleWebKit/537.36 (KHTML, like Gecko) Chrome/60.0.3112.101 Safari/537.36"
::1 - - [24/Aug/2017:10:25:04 +0000] "POST /signin HTTP/1.1" 500 3136 "http://localhost:2222/signin" "Mozilla/5.0 (Macintosh; Intel Mac OS X 10_12_6) AppleWebKit/537.36 (KHTML, like Gecko) Chrome/60.0.3112.101 Safari/537.36"
::1 - - [24/Aug/2017:10:25:08 +0000] "GET /signin HTTP/1.1" 200 2418 "-" "Mozilla/5.0 (Macintosh; Intel Mac OS X 10_12_6) AppleWebKit/537.36 (KHTML, like Gecko) Chrome/60.0.3112.101 Safari/537.36"
::1 - - [24/Aug/2017:10:25:27 +0000] "GET /signin HTTP/1.1" 200 2422 "-" "Mozilla/5.0 (Macintosh; Intel Mac OS X 10_12_6) AppleWebKit/537.36 (KHTML, like Gecko) Chrome/60.0.3112.101 Safari/537.36"
::1 - - [24/Aug/2017:10:27:26 +0000] "GET /signin HTTP/1.1" 200 2422 "-" "Mozilla/5.0 (Macintosh; Intel Mac OS X 10_12_6) AppleWebKit/537.36 (KHTML, like Gecko) Chrome/60.0.3112.101 Safari/537.36"
::1 - - [24/Aug/2017:10:27:41 +0000] "POST /signin HTTP/1.1" 500 3136 "http://localhost:2222/signin" "Mozilla/5.0 (Macintosh; Intel Mac OS X 10_12_6) AppleWebKit/537.36 (KHTML, like Gecko) Chrome/60.0.3112.101 Safari/537.36"
::1 - - [24/Aug/2017:10:27:44 +0000] "GET /signin HTTP/1.1" 200 2422 "-" "Mozilla/5.0 (Macintosh; Intel Mac OS X 10_12_6) AppleWebKit/537.36 (KHTML, like Gecko) Chrome/60.0.3112.101 Safari/537.36"
::1 - - [24/Aug/2017:10:28:41 +0000] "GET /signin HTTP/1.1" 200 2422 "-" "Mozilla/5.0 (Macintosh; Intel Mac OS X 10_12_6) AppleWebKit/537.36 (KHTML, like Gecko) Chrome/60.0.3112.101 Safari/537.36"
::1 - - [24/Aug/2017:10:28:45 +0000] "POST /signin HTTP/1.1" 500 3136 "http://localhost:2222/signin" "Mozilla/5.0 (Macintosh; Intel Mac OS X 10_12_6) AppleWebKit/537.36 (KHTML, like Gecko) Chrome/60.0.3112.101 Safari/537.36"
::1 - - [24/Aug/2017:10:29:57 +0000] "POST /signin HTTP/1.1" 500 3136 "http://localhost:2222/signin" "Mozilla/5.0 (Macintosh; Intel Mac OS X 10_12_6) AppleWebKit/537.36 (KHTML, like Gecko) Chrome/60.0.3112.101 Safari/537.36"
::1 - - [24/Aug/2017:10:29:59 +0000] "POST /signin HTTP/1.1" 500 3136 "http://localhost:2222/signin" "Mozilla/5.0 (Macintosh; Intel Mac OS X 10_12_6) AppleWebKit/537.36 (KHTML, like Gecko) Chrome/60.0.3112.101 Safari/537.36"
::1 - - [24/Aug/2017:10:30:01 +0000] "POST /signin HTTP/1.1" 500 3136 "http://localhost:2222/signin" "Mozilla/5.0 (Macintosh; Intel Mac OS X 10_12_6) AppleWebKit/537.36 (KHTML, like Gecko) Chrome/60.0.3112.101 Safari/537.36"
::1 - - [24/Aug/2017:10:30:04 +0000] "POST /signin HTTP/1.1" 500 3136 "http://localhost:2222/signin" "Mozilla/5.0 (Macintosh; Intel Mac OS X 10_12_6) AppleWebKit/537.36 (KHTML, like Gecko) Chrome/60.0.3112.101 Safari/537.36"
::1 - - [24/Aug/2017:10:30:09 +0000] "POST /signin HTTP/1.1" 500 3136 "http://localhost:2222/signin" "Mozilla/5.0 (Macintosh; Intel Mac OS X 10_12_6) AppleWebKit/537.36 (KHTML, like Gecko) Chrome/60.0.3112.101 Safari/537.36"
::1 - - [24/Aug/2017:10:30:19 +0000] "GET / HTTP/1.1" 302 56 "-" "Mozilla/5.0 (Macintosh; Intel Mac OS X 10_12_6) AppleWebKit/537.36 (KHTML, like Gecko) Chrome/60.0.3112.101 Safari/537.36"
::1 - - [24/Aug/2017:10:30:19 +0000] "GET /posts HTTP/1.1" 200 1901 "-" "Mozilla/5.0 (Macintosh; Intel Mac OS X 10_12_6) AppleWebKit/537.36 (KHTML, like Gecko) Chrome/60.0.3112.101 Safari/537.36"
::1 - - [24/Aug/2017:10:30:22 +0000] "GET /signin HTTP/1.1" 200 2422 "http://localhost:2222/posts" "Mozilla/5.0 (Macintosh; Intel Mac OS X 10_12_6) AppleWebKit/537.36 (KHTML, like Gecko) Chrome/60.0.3112.101 Safari/537.36"
::1 - - [24/Aug/2017:10:30:28 +0000] "POST /signin HTTP/1.1" 500 3136 "http://localhost:2222/signin" "Mozilla/5.0 (Macintosh; Intel Mac OS X 10_12_6) AppleWebKit/537.36 (KHTML, like Gecko) Chrome/60.0.3112.101 Safari/537.36"
::1 - - [24/Aug/2017:10:32:22 +0000] "POST /signin HTTP/1.1" 500 3136 "http://localhost:2222/signin" "Mozilla/5.0 (Macintosh; Intel Mac OS X 10_12_6) AppleWebKit/537.36 (KHTML, like Gecko) Chrome/60.0.3112.101 Safari/537.36"
::1 - - [24/Aug/2017:10:32:25 +0000] "GET / HTTP/1.1" 302 56 "-" "Mozilla/5.0 (Macintosh; Intel Mac OS X 10_12_6) AppleWebKit/537.36 (KHTML, like Gecko) Chrome/60.0.3112.101 Safari/537.36"
::1 - - [24/Aug/2017:10:32:25 +0000] "GET /posts HTTP/1.1" 200 1901 "-" "Mozilla/5.0 (Macintosh; Intel Mac OS X 10_12_6) AppleWebKit/537.36 (KHTML, like Gecko) Chrome/60.0.3112.101 Safari/537.36"
::1 - - [24/Aug/2017:10:32:27 +0000] "GET /signin HTTP/1.1" 200 2422 "http://localhost:2222/posts" "Mozilla/5.0 (Macintosh; Intel Mac OS X 10_12_6) AppleWebKit/537.36 (KHTML, like Gecko) Chrome/60.0.3112.101 Safari/537.36"
::1 - - [24/Aug/2017:10:32:32 +0000] "POST /signin HTTP/1.1" 500 3136 "http://localhost:2222/signin" "Mozilla/5.0 (Macintosh; Intel Mac OS X 10_12_6) AppleWebKit/537.36 (KHTML, like Gecko) Chrome/60.0.3112.101 Safari/537.36"
::1 - - [24/Aug/2017:10:33:31 +0000] "POST /signin HTTP/1.1" 500 3136 "http://localhost:2222/signin" "Mozilla/5.0 (Macintosh; Intel Mac OS X 10_12_6) AppleWebKit/537.36 (KHTML, like Gecko) Chrome/60.0.3112.101 Safari/537.36"
::1 - - [24/Aug/2017:10:33:34 +0000] "GET / HTTP/1.1" 302 56 "-" "Mozilla/5.0 (Macintosh; Intel Mac OS X 10_12_6) AppleWebKit/537.36 (KHTML, like Gecko) Chrome/60.0.3112.101 Safari/537.36"
::1 - - [24/Aug/2017:10:33:34 +0000] "GET /posts HTTP/1.1" 200 1901 "-" "Mozilla/5.0 (Macintosh; Intel Mac OS X 10_12_6) AppleWebKit/537.36 (KHTML, like Gecko) Chrome/60.0.3112.101 Safari/537.36"
::1 - - [24/Aug/2017:10:33:43 +0000] "GET /posts HTTP/1.1" 200 1901 "-" "Mozilla/5.0 (Macintosh; Intel Mac OS X 10_12_6) AppleWebKit/537.36 (KHTML, like Gecko) Chrome/60.0.3112.101 Safari/537.36"
::1 - - [24/Aug/2017:10:33:45 +0000] "GET /signin HTTP/1.1" 200 2422 "http://localhost:2222/posts" "Mozilla/5.0 (Macintosh; Intel Mac OS X 10_12_6) AppleWebKit/537.36 (KHTML, like Gecko) Chrome/60.0.3112.101 Safari/537.36"
::1 - - [24/Aug/2017:10:33:50 +0000] "POST /signin HTTP/1.1" 500 3136 "http://localhost:2222/signin" "Mozilla/5.0 (Macintosh; Intel Mac OS X 10_12_6) AppleWebKit/537.36 (KHTML, like Gecko) Chrome/60.0.3112.101 Safari/537.36"
::1 - - [24/Aug/2017:10:34:05 +0000] "GET /signin HTTP/1.1" 200 2422 "http://localhost:2222/posts" "Mozilla/5.0 (Macintosh; Intel Mac OS X 10_12_6) AppleWebKit/537.36 (KHTML, like Gecko) Chrome/60.0.3112.101 Safari/537.36"
::1 - - [24/Aug/2017:10:34:06 +0000] "GET /signin HTTP/1.1" 200 2422 "http://localhost:2222/posts" "Mozilla/5.0 (Macintosh; Intel Mac OS X 10_12_6) AppleWebKit/537.36 (KHTML, like Gecko) Chrome/60.0.3112.101 Safari/537.36"
::1 - - [24/Aug/2017:10:34:10 +0000] "POST /signin HTTP/1.1" 500 3136 "http://localhost:2222/signin" "Mozilla/5.0 (Macintosh; Intel Mac OS X 10_12_6) AppleWebKit/537.36 (KHTML, like Gecko) Chrome/60.0.3112.101 Safari/537.36"
::1 - - [24/Aug/2017:10:34:12 +0000] "GET /signin HTTP/1.1" 200 2422 "http://localhost:2222/posts" "Mozilla/5.0 (Macintosh; Intel Mac OS X 10_12_6) AppleWebKit/537.36 (KHTML, like Gecko) Chrome/60.0.3112.101 Safari/537.36"
::1 - - [24/Aug/2017:10:34:48 +0000] "GET /signin HTTP/1.1" 200 2422 "http://localhost:2222/posts" "Mozilla/5.0 (Macintosh; Intel Mac OS X 10_12_6) AppleWebKit/537.36 (KHTML, like Gecko) Chrome/60.0.3112.101 Safari/537.36"
::1 - - [24/Aug/2017:10:34:51 +0000] "POST /signin HTTP/1.1" 500 3136 "http://localhost:2222/signin" "Mozilla/5.0 (Macintosh; Intel Mac OS X 10_12_6) AppleWebKit/537.36 (KHTML, like Gecko) Chrome/60.0.3112.101 Safari/537.36"
::1 - - [24/Aug/2017:10:34:54 +0000] "GET /signin HTTP/1.1" 200 2422 "http://localhost:2222/posts" "Mozilla/5.0 (Macintosh; Intel Mac OS X 10_12_6) AppleWebKit/537.36 (KHTML, like Gecko) Chrome/60.0.3112.101 Safari/537.36"
::1 - - [24/Aug/2017:10:53:58 +0000] "POST /signin HTTP/1.1" 500 3136 "http://localhost:2222/signin" "Mozilla/5.0 (Macintosh; Intel Mac OS X 10_12_6) AppleWebKit/537.36 (KHTML, like Gecko) Chrome/60.0.3112.101 Safari/537.36"
::1 - - [24/Aug/2017:10:56:47 +0000] "POST /signin HTTP/1.1" 500 3136 "http://localhost:2222/signin" "Mozilla/5.0 (Macintosh; Intel Mac OS X 10_12_6) AppleWebKit/537.36 (KHTML, like Gecko) Chrome/60.0.3112.101 Safari/537.36"
::1 - - [24/Aug/2017:10:57:19 +0000] "POST /signin HTTP/1.1" 302 100 "http://localhost:2222/signin" "Mozilla/5.0 (Macintosh; Intel Mac OS X 10_12_6) AppleWebKit/537.36 (KHTML, like Gecko) Chrome/60.0.3112.101 Safari/537.36"
::1 - - [24/Aug/2017:10:57:19 +0000] "GET /signin HTTP/1.1" 200 2500 "http://localhost:2222/signin" "Mozilla/5.0 (Macintosh; Intel Mac OS X 10_12_6) AppleWebKit/537.36 (KHTML, like Gecko) Chrome/60.0.3112.101 Safari/537.36"
::1 - - [24/Aug/2017:10:58:01 +0000] "GET /signin HTTP/1.1" 200 2422 "http://localhost:2222/signin" "Mozilla/5.0 (Macintosh; Intel Mac OS X 10_12_6) AppleWebKit/537.36 (KHTML, like Gecko) Chrome/60.0.3112.101 Safari/537.36"
